[case] unixbench-fstime-test
[case] command: /home/runner/work/starry-test-harness/starry-test-harness/tests/daily/cases/unixbench/run_byte_unixbench.sh fstime fstime-r fstime-w
[case] timeout budget: 1200s
[starry-ci] spawning make ARCH=aarch64 PLAT_CONFIG=/home/runner/work/starry-test-harness/starry-test-harness/.cache/StarryOS/.axconfig.toml NET=n VSOCK=n ACCEL=n justrun QEMU_ARGS=-monitor none -serial tcp::4444,server=on at /home/runner/work/starry-test-harness/starry-test-harness/.cache/StarryOS
make[1]: Entering directory '/home/runner/work/starry-test-harness/starry-test-harness/.cache/StarryOS'
make[2]: Entering directory '/home/runner/work/starry-test-harness/starry-test-harness/.cache/StarryOS/arceos'
    [96;1mRunning[0m on qemu...
[37mqemu-system-aarch64[0m [90m-m 1G -smp 4 -cpu cortex-a72 -machine virt -kernel /home/runner/work/starry-test-harness/starry-test-harness/.cache/StarryOS/StarryOS_aarch64-qemu-virt.bin -device virtio-blk-pci,drive=disk0 -drive id=disk0,if=none,format=raw,file=/tmp/starry-byte-unixbench-D8B1M1.img -nographic -monitor none -serial tcp::4444,server=on[0m
make[2]: Leaving directory '/home/runner/work/starry-test-harness/starry-test-harness/.cache/StarryOS/arceos'
make[1]: Leaving directory '/home/runner/work/starry-test-harness/starry-test-harness/.cache/StarryOS'
[starry-ci] ERROR: shell prompt not observed or command output missing
[unixbench-fstime-test] ä½¿ç”¨é¢„é…ç½®é•œåƒ: /home/runner/work/starry-test-harness/starry-test-harness/.cache/unixbench/disk.img
[unixbench-fstime-test] å¤åˆ¶é¢„é…ç½®é•œåƒ -> /tmp/starry-byte-unixbench-D8B1M1.img
[unixbench-fstime-test] æ³¨å…¥ UnixBench è¿è¡Œè„šæœ¬åˆ°é•œåƒ
[unixbench-fstime-test] æµ‹è¯•ç”¨ä¾‹: fstime fstime-r fstime-w
[unixbench-fstime-test] è„šæœ¬æ³¨å…¥å®Œæˆ: /root/run_unixbench.sh
[unixbench-fstime-test] å¯åŠ¨ StarryOS,æ‰§è¡Œ UnixBench
[unixbench-fstime-test] Host çº§åˆ«è¶…æ—¶ä¿æŠ¤: 1500s
qemu-system-aarch64: -serial tcp::4444,server=on: info: QEMU waiting for connection on: disconnected:tcp:0.0.0.0:4444,server=on
qemu-system-aarch64: could not load kernel '/home/runner/work/starry-test-harness/starry-test-harness/.cache/StarryOS/StarryOS_aarch64-qemu-virt.bin'
make[2]: *** [Makefile:186: justrun] Error 1
make[1]: *** [Makefile:44: justrun] Error 2
[unixbench-fstime-test] StarryOS æ‰§è¡Œå®Œæˆï¼Œguest æ—¥å¿—ä½äº /home/runner/work/starry-test-harness/starry-test-harness/logs/daily/20251231-012955/artifacts/unixbench-fstime-test/vm-20251231-012955.log
[unixbench-fstime-test] æœªåœ¨è¾“å‡ºä¸­æ‰¾åˆ° System Benchmarks æŒ‡æ ‡
